2012/12/08 15:38:40 [error] [exception.CDbException] exception 'CDbException' with message 'CDbConnection failed to open the DB connection: SQLSTATE[HY000] [1045] Access denied for user 'root'@'localhost' (using password: YES)' in C:\wamp\www\yii\framework\db\CDbConnection.php:382
Stack trace:
#0 C:\wamp\www\yii\framework\db\CDbConnection.php(331): CDbConnection->open()
#1 C:\wamp\www\yii\framework\db\CDbConnection.php(309): CDbConnection->setActive(true)
#2 C:\wamp\www\yii\framework\base\CModule.php(388): CDbConnection->init()
#3 C:\wamp\www\yii\framework\base\CModule.php(104): CModule->getComponent('db')
#4 C:\wamp\www\yii\framework\gii\generators\model\ModelCode.php(57): CModule->__get('db')
#5 C:\wamp\www\yii\framework\web\CFormModel.php(40): ModelCode->init()
#6 C:\wamp\www\yii\framework\gii\CCodeGenerator.php(154): CFormModel->__construct()
#7 C:\wamp\www\yii\framework\gii\CCodeGenerator.php(64): CCodeGenerator->prepare()
#8 C:\wamp\www\yii\framework\web\actions\CInlineAction.php(50): CCodeGenerator->actionIndex()
#9 C:\wamp\www\yii\framework\web\CController.php(309): CInlineAction->runWithParams(Array)
#10 C:\wamp\www\yii\framework\web\CController.php(287): CController->runAction(Object(CInlineAction))
#11 C:\wamp\www\yii\framework\web\CController.php(266): CController->runActionWithFilters(Object(CInlineAction), Array)
#12 C:\wamp\www\yii\framework\web\CWebApplication.php(283): CController->run('')
#13 C:\wamp\www\yii\framework\web\CWebApplication.php(142): CWebApplication->runController('gii/model')
#14 C:\wamp\www\yii\framework\base\CApplication.php(162): CWebApplication->processRequest()
#15 C:\wamp\www\trackstar\index.php(13): CApplication->run()
#16 {main}
REQUEST_URI=/trackstar/index.php?r=gii/model
HTTP_REFERER=http://127.0.0.1/trackstar/index.php?r=gii
---
2012/12/09 00:47:40 [error] [exception.CException] exception 'CException' with message 'Property "IssueController._project" is not defined.' in C:\wamp\www\yii\framework\base\CComponent.php:131
Stack trace:
#0 C:\wamp\www\trackstar\protected\controllers\IssueController.php(201): CComponent->__get('_project')
#1 C:\wamp\www\trackstar\protected\controllers\IssueController.php(187): IssueController->loadProject('1')
#2 C:\wamp\www\yii\framework\web\filters\CInlineFilter.php(59): IssueController->filterProjectContext(Object(CFilterChain))
#3 C:\wamp\www\yii\framework\web\filters\CFilterChain.php(131): CInlineFilter->filter(Object(CFilterChain))
#4 C:\wamp\www\yii\framework\web\filters\CFilter.php(41): CFilterChain->run()
#5 C:\wamp\www\yii\framework\web\CController.php(1146): CFilter->filter(Object(CFilterChain))
#6 C:\wamp\www\yii\framework\web\filters\CInlineFilter.php(59): CController->filterAccessControl(Object(CFilterChain))
#7 C:\wamp\www\yii\framework\web\filters\CFilterChain.php(131): CInlineFilter->filter(Object(CFilterChain))
#8 C:\wamp\www\yii\framework\web\CController.php(292): CFilterChain->run()
#9 C:\wamp\www\yii\framework\web\CController.php(266): CController->runActionWithFilters(Object(CInlineAction), Array)
#10 C:\wamp\www\yii\framework\web\CWebApplication.php(283): CController->run('create')
#11 C:\wamp\www\yii\framework\web\CWebApplication.php(142): CWebApplication->runController('issue/create')
#12 C:\wamp\www\yii\framework\base\CApplication.php(162): CWebApplication->processRequest()
#13 C:\wamp\www\trackstar\index.php(13): CApplication->run()
#14 {main}
REQUEST_URI=/trackstar/index.php?r=issue/create&pid=1
HTTP_REFERER=http://127.0.0.1/trackstar/index.php?r=project/view&id=1
---
2012/12/09 00:54:51 [error] [exception.CHttpException.404] exception 'CHttpException' with message 'The requested project does not exist.' in C:\wamp\www\trackstar\protected\controllers\IssueController.php:214
Stack trace:
#0 C:\wamp\www\trackstar\protected\controllers\IssueController.php(195): IssueController->loadProject('3')
#1 C:\wamp\www\yii\framework\web\filters\CInlineFilter.php(59): IssueController->filterProjectContext(Object(CFilterChain))
#2 C:\wamp\www\yii\framework\web\filters\CFilterChain.php(131): CInlineFilter->filter(Object(CFilterChain))
#3 C:\wamp\www\yii\framework\web\filters\CFilter.php(41): CFilterChain->run()
#4 C:\wamp\www\yii\framework\web\CController.php(1146): CFilter->filter(Object(CFilterChain))
#5 C:\wamp\www\yii\framework\web\filters\CInlineFilter.php(59): CController->filterAccessControl(Object(CFilterChain))
#6 C:\wamp\www\yii\framework\web\filters\CFilterChain.php(131): CInlineFilter->filter(Object(CFilterChain))
#7 C:\wamp\www\yii\framework\web\CController.php(292): CFilterChain->run()
#8 C:\wamp\www\yii\framework\web\CController.php(266): CController->runActionWithFilters(Object(CInlineAction), Array)
#9 C:\wamp\www\yii\framework\web\CWebApplication.php(283): CController->run('create')
#10 C:\wamp\www\yii\framework\web\CWebApplication.php(142): CWebApplication->runController('issue/create')
#11 C:\wamp\www\yii\framework\base\CApplication.php(162): CWebApplication->processRequest()
#12 C:\wamp\www\trackstar\index.php(13): CApplication->run()
#13 {main}
REQUEST_URI=/trackstar/index.php?r=issue/create&pid=3
---
2012/12/09 00:54:55 [error] [exception.CHttpException.404] exception 'CHttpException' with message 'The requested project does not exist.' in C:\wamp\www\trackstar\protected\controllers\IssueController.php:214
Stack trace:
#0 C:\wamp\www\trackstar\protected\controllers\IssueController.php(195): IssueController->loadProject('2')
#1 C:\wamp\www\yii\framework\web\filters\CInlineFilter.php(59): IssueController->filterProjectContext(Object(CFilterChain))
#2 C:\wamp\www\yii\framework\web\filters\CFilterChain.php(131): CInlineFilter->filter(Object(CFilterChain))
#3 C:\wamp\www\yii\framework\web\filters\CFilter.php(41): CFilterChain->run()
#4 C:\wamp\www\yii\framework\web\CController.php(1146): CFilter->filter(Object(CFilterChain))
#5 C:\wamp\www\yii\framework\web\filters\CInlineFilter.php(59): CController->filterAccessControl(Object(CFilterChain))
#6 C:\wamp\www\yii\framework\web\filters\CFilterChain.php(131): CInlineFilter->filter(Object(CFilterChain))
#7 C:\wamp\www\yii\framework\web\CController.php(292): CFilterChain->run()
#8 C:\wamp\www\yii\framework\web\CController.php(266): CController->runActionWithFilters(Object(CInlineAction), Array)
#9 C:\wamp\www\yii\framework\web\CWebApplication.php(283): CController->run('create')
#10 C:\wamp\www\yii\framework\web\CWebApplication.php(142): CWebApplication->runController('issue/create')
#11 C:\wamp\www\yii\framework\base\CApplication.php(162): CWebApplication->processRequest()
#12 C:\wamp\www\trackstar\index.php(13): CApplication->run()
#13 {main}
REQUEST_URI=/trackstar/index.php?r=issue/create&pid=2
---
2012/12/09 01:16:36 [error] [exception.CException] exception 'CException' with message 'Property "Project.users" is not defined.' in C:\wamp\www\yii\framework\base\CComponent.php:131
Stack trace:
#0 C:\wamp\www\yii\framework\db\ar\CActiveRecord.php(144): CComponent->__get('users')
#1 C:\wamp\www\trackstar\protected\models\Project.php(110): CActiveRecord->__get('users')
#2 C:\wamp\www\trackstar\protected\views\issue\_form.php(49): Project->getUserOptions()
#3 C:\wamp\www\yii\framework\web\CBaseController.php(127): require('C:\wamp\www\tra...')
#4 C:\wamp\www\yii\framework\web\CBaseController.php(96): CBaseController->renderInternal('C:\wamp\www\tra...', Array, true)
#5 C:\wamp\www\yii\framework\web\CController.php(870): CBaseController->renderFile('C:\wamp\www\tra...', Array, true)
#6 C:\wamp\www\trackstar\protected\views\issue\create.php(18): CController->renderPartial('_form', Array)
#7 C:\wamp\www\yii\framework\web\CBaseController.php(127): require('C:\wamp\www\tra...')
#8 C:\wamp\www\yii\framework\web\CBaseController.php(96): CBaseController->renderInternal('C:\wamp\www\tra...', Array, true)
#9 C:\wamp\www\yii\framework\web\CController.php(870): CBaseController->renderFile('C:\wamp\www\tra...', Array, true)
#10 C:\wamp\www\yii\framework\web\CController.php(783): CController->renderPartial('create', Array, true)
#11 C:\wamp\www\trackstar\protected\controllers\IssueController.php(88): CController->render('create', Array)
#12 C:\wamp\www\yii\framework\web\actions\CInlineAction.php(50): IssueController->actionCreate()
#13 C:\wamp\www\yii\framework\web\CController.php(309): CInlineAction->runWithParams(Array)
#14 C:\wamp\www\yii\framework\web\filters\CFilterChain.php(134): CController->runAction(Object(CInlineAction))
#15 C:\wamp\www\trackstar\protected\controllers\IssueController.php(198): CFilterChain->run()
#16 C:\wamp\www\yii\framework\web\filters\CInlineFilter.php(59): IssueController->filterProjectContext(Object(CFilterChain))
#17 C:\wamp\www\yii\framework\web\filters\CFilterChain.php(131): CInlineFilter->filter(Object(CFilterChain))
#18 C:\wamp\www\yii\framework\web\filters\CFilter.php(41): CFilterChain->run()
#19 C:\wamp\www\yii\framework\web\CController.php(1146): CFilter->filter(Object(CFilterChain))
#20 C:\wamp\www\yii\framework\web\filters\CInlineFilter.php(59): CController->filterAccessControl(Object(CFilterChain))
#21 C:\wamp\www\yii\framework\web\filters\CFilterChain.php(131): CInlineFilter->filter(Object(CFilterChain))
#22 C:\wamp\www\yii\framework\web\CController.php(292): CFilterChain->run()
#23 C:\wamp\www\yii\framework\web\CController.php(266): CController->runActionWithFilters(Object(CInlineAction), Array)
#24 C:\wamp\www\yii\framework\web\CWebApplication.php(283): CController->run('create')
#25 C:\wamp\www\yii\framework\web\CWebApplication.php(142): CWebApplication->runController('issue/create')
#26 C:\wamp\www\yii\framework\base\CApplication.php(162): CWebApplication->processRequest()
#27 C:\wamp\www\trackstar\index.php(13): CApplication->run()
#28 {main}
REQUEST_URI=/trackstar/index.php?r=issue/create&pid=1
---
2012/12/09 01:18:37 [error] [exception.CException] exception 'CException' with message 'Property "Project.users" is not defined.' in C:\wamp\www\yii\framework\base\CComponent.php:131
Stack trace:
#0 C:\wamp\www\yii\framework\db\ar\CActiveRecord.php(144): CComponent->__get('users')
#1 C:\wamp\www\trackstar\protected\models\Project.php(110): CActiveRecord->__get('users')
#2 C:\wamp\www\trackstar\protected\views\issue\_form.php(49): Project->getUserOptions()
#3 C:\wamp\www\yii\framework\web\CBaseController.php(127): require('C:\wamp\www\tra...')
#4 C:\wamp\www\yii\framework\web\CBaseController.php(96): CBaseController->renderInternal('C:\wamp\www\tra...', Array, true)
#5 C:\wamp\www\yii\framework\web\CController.php(870): CBaseController->renderFile('C:\wamp\www\tra...', Array, true)
#6 C:\wamp\www\trackstar\protected\views\issue\create.php(18): CController->renderPartial('_form', Array)
#7 C:\wamp\www\yii\framework\web\CBaseController.php(127): require('C:\wamp\www\tra...')
#8 C:\wamp\www\yii\framework\web\CBaseController.php(96): CBaseController->renderInternal('C:\wamp\www\tra...', Array, true)
#9 C:\wamp\www\yii\framework\web\CController.php(870): CBaseController->renderFile('C:\wamp\www\tra...', Array, true)
#10 C:\wamp\www\yii\framework\web\CController.php(783): CController->renderPartial('create', Array, true)
#11 C:\wamp\www\trackstar\protected\controllers\IssueController.php(88): CController->render('create', Array)
#12 C:\wamp\www\yii\framework\web\actions\CInlineAction.php(50): IssueController->actionCreate()
#13 C:\wamp\www\yii\framework\web\CController.php(309): CInlineAction->runWithParams(Array)
#14 C:\wamp\www\yii\framework\web\filters\CFilterChain.php(134): CController->runAction(Object(CInlineAction))
#15 C:\wamp\www\trackstar\protected\controllers\IssueController.php(198): CFilterChain->run()
#16 C:\wamp\www\yii\framework\web\filters\CInlineFilter.php(59): IssueController->filterProjectContext(Object(CFilterChain))
#17 C:\wamp\www\yii\framework\web\filters\CFilterChain.php(131): CInlineFilter->filter(Object(CFilterChain))
#18 C:\wamp\www\yii\framework\web\filters\CFilter.php(41): CFilterChain->run()
#19 C:\wamp\www\yii\framework\web\CController.php(1146): CFilter->filter(Object(CFilterChain))
#20 C:\wamp\www\yii\framework\web\filters\CInlineFilter.php(59): CController->filterAccessControl(Object(CFilterChain))
#21 C:\wamp\www\yii\framework\web\filters\CFilterChain.php(131): CInlineFilter->filter(Object(CFilterChain))
#22 C:\wamp\www\yii\framework\web\CController.php(292): CFilterChain->run()
#23 C:\wamp\www\yii\framework\web\CController.php(266): CController->runActionWithFilters(Object(CInlineAction), Array)
#24 C:\wamp\www\yii\framework\web\CWebApplication.php(283): CController->run('create')
#25 C:\wamp\www\yii\framework\web\CWebApplication.php(142): CWebApplication->runController('issue/create')
#26 C:\wamp\www\yii\framework\base\CApplication.php(162): CWebApplication->processRequest()
#27 C:\wamp\www\trackstar\index.php(13): CApplication->run()
#28 {main}
REQUEST_URI=/trackstar/index.php?r=issue/create&pid=1
---
2012/12/09 01:18:48 [error] [exception.CHttpException.404] exception 'CHttpException' with message 'The requested project does not exist.' in C:\wamp\www\trackstar\protected\controllers\IssueController.php:214
Stack trace:
#0 C:\wamp\www\trackstar\protected\controllers\IssueController.php(195): IssueController->loadProject('2')
#1 C:\wamp\www\yii\framework\web\filters\CInlineFilter.php(59): IssueController->filterProjectContext(Object(CFilterChain))
#2 C:\wamp\www\yii\framework\web\filters\CFilterChain.php(131): CInlineFilter->filter(Object(CFilterChain))
#3 C:\wamp\www\yii\framework\web\filters\CFilter.php(41): CFilterChain->run()
#4 C:\wamp\www\yii\framework\web\CController.php(1146): CFilter->filter(Object(CFilterChain))
#5 C:\wamp\www\yii\framework\web\filters\CInlineFilter.php(59): CController->filterAccessControl(Object(CFilterChain))
#6 C:\wamp\www\yii\framework\web\filters\CFilterChain.php(131): CInlineFilter->filter(Object(CFilterChain))
#7 C:\wamp\www\yii\framework\web\CController.php(292): CFilterChain->run()
#8 C:\wamp\www\yii\framework\web\CController.php(266): CController->runActionWithFilters(Object(CInlineAction), Array)
#9 C:\wamp\www\yii\framework\web\CWebApplication.php(283): CController->run('create')
#10 C:\wamp\www\yii\framework\web\CWebApplication.php(142): CWebApplication->runController('issue/create')
#11 C:\wamp\www\yii\framework\base\CApplication.php(162): CWebApplication->processRequest()
#12 C:\wamp\www\trackstar\index.php(13): CApplication->run()
#13 {main}
REQUEST_URI=/trackstar/index.php?r=issue/create&pid=2
---
2012/12/09 01:18:54 [error] [exception.CHttpException.404] exception 'CHttpException' with message 'The requested project does not exist.' in C:\wamp\www\trackstar\protected\controllers\IssueController.php:214
Stack trace:
#0 C:\wamp\www\trackstar\protected\controllers\IssueController.php(195): IssueController->loadProject(NULL)
#1 C:\wamp\www\yii\framework\web\filters\CInlineFilter.php(59): IssueController->filterProjectContext(Object(CFilterChain))
#2 C:\wamp\www\yii\framework\web\filters\CFilterChain.php(131): CInlineFilter->filter(Object(CFilterChain))
#3 C:\wamp\www\yii\framework\web\filters\CFilter.php(41): CFilterChain->run()
#4 C:\wamp\www\yii\framework\web\CController.php(1146): CFilter->filter(Object(CFilterChain))
#5 C:\wamp\www\yii\framework\web\filters\CInlineFilter.php(59): CController->filterAccessControl(Object(CFilterChain))
#6 C:\wamp\www\yii\framework\web\filters\CFilterChain.php(131): CInlineFilter->filter(Object(CFilterChain))
#7 C:\wamp\www\yii\framework\web\CController.php(292): CFilterChain->run()
#8 C:\wamp\www\yii\framework\web\CController.php(266): CController->runActionWithFilters(Object(CInlineAction), Array)
#9 C:\wamp\www\yii\framework\web\CWebApplication.php(283): CController->run('')
#10 C:\wamp\www\yii\framework\web\CWebApplication.php(142): CWebApplication->runController('issue')
#11 C:\wamp\www\yii\framework\base\CApplication.php(162): CWebApplication->processRequest()
#12 C:\wamp\www\trackstar\index.php(13): CApplication->run()
#13 {main}
REQUEST_URI=/trackstar/index.php?r=issue
---
2012/12/09 01:19:15 [error] [exception.CException] exception 'CException' with message 'Property "Project.users" is not defined.' in C:\wamp\www\yii\framework\base\CComponent.php:131
Stack trace:
#0 C:\wamp\www\yii\framework\db\ar\CActiveRecord.php(144): CComponent->__get('users')
#1 C:\wamp\www\trackstar\protected\models\Project.php(110): CActiveRecord->__get('users')
#2 C:\wamp\www\trackstar\protected\views\issue\_form.php(49): Project->getUserOptions()
#3 C:\wamp\www\yii\framework\web\CBaseController.php(127): require('C:\wamp\www\tra...')
#4 C:\wamp\www\yii\framework\web\CBaseController.php(96): CBaseController->renderInternal('C:\wamp\www\tra...', Array, true)
#5 C:\wamp\www\yii\framework\web\CController.php(870): CBaseController->renderFile('C:\wamp\www\tra...', Array, true)
#6 C:\wamp\www\trackstar\protected\views\issue\create.php(18): CController->renderPartial('_form', Array)
#7 C:\wamp\www\yii\framework\web\CBaseController.php(127): require('C:\wamp\www\tra...')
#8 C:\wamp\www\yii\framework\web\CBaseController.php(96): CBaseController->renderInternal('C:\wamp\www\tra...', Array, true)
#9 C:\wamp\www\yii\framework\web\CController.php(870): CBaseController->renderFile('C:\wamp\www\tra...', Array, true)
#10 C:\wamp\www\yii\framework\web\CController.php(783): CController->renderPartial('create', Array, true)
#11 C:\wamp\www\trackstar\protected\controllers\IssueController.php(88): CController->render('create', Array)
#12 C:\wamp\www\yii\framework\web\actions\CInlineAction.php(50): IssueController->actionCreate()
#13 C:\wamp\www\yii\framework\web\CController.php(309): CInlineAction->runWithParams(Array)
#14 C:\wamp\www\yii\framework\web\filters\CFilterChain.php(134): CController->runAction(Object(CInlineAction))
#15 C:\wamp\www\trackstar\protected\controllers\IssueController.php(198): CFilterChain->run()
#16 C:\wamp\www\yii\framework\web\filters\CInlineFilter.php(59): IssueController->filterProjectContext(Object(CFilterChain))
#17 C:\wamp\www\yii\framework\web\filters\CFilterChain.php(131): CInlineFilter->filter(Object(CFilterChain))
#18 C:\wamp\www\yii\framework\web\filters\CFilter.php(41): CFilterChain->run()
#19 C:\wamp\www\yii\framework\web\CController.php(1146): CFilter->filter(Object(CFilterChain))
#20 C:\wamp\www\yii\framework\web\filters\CInlineFilter.php(59): CController->filterAccessControl(Object(CFilterChain))
#21 C:\wamp\www\yii\framework\web\filters\CFilterChain.php(131): CInlineFilter->filter(Object(CFilterChain))
#22 C:\wamp\www\yii\framework\web\CController.php(292): CFilterChain->run()
#23 C:\wamp\www\yii\framework\web\CController.php(266): CController->runActionWithFilters(Object(CInlineAction), Array)
#24 C:\wamp\www\yii\framework\web\CWebApplication.php(283): CController->run('create')
#25 C:\wamp\www\yii\framework\web\CWebApplication.php(142): CWebApplication->runController('issue/create')
#26 C:\wamp\www\yii\framework\base\CApplication.php(162): CWebApplication->processRequest()
#27 C:\wamp\www\trackstar\index.php(13): CApplication->run()
#28 {main}
REQUEST_URI=/trackstar/index.php?r=issue/create&pid=1
HTTP_REFERER=http://127.0.0.1/trackstar/index.php?r=project/view&id=1
---
2012/12/09 01:20:34 [error] [exception.CException] exception 'CException' with message 'Property "Project.users" is not defined.' in C:\wamp\www\yii\framework\base\CComponent.php:131
Stack trace:
#0 C:\wamp\www\yii\framework\db\ar\CActiveRecord.php(144): CComponent->__get('users')
#1 C:\wamp\www\trackstar\protected\models\Project.php(110): CActiveRecord->__get('users')
#2 C:\wamp\www\trackstar\protected\views\issue\_form.php(49): Project->getUserOptions()
#3 C:\wamp\www\yii\framework\web\CBaseController.php(127): require('C:\wamp\www\tra...')
#4 C:\wamp\www\yii\framework\web\CBaseController.php(96): CBaseController->renderInternal('C:\wamp\www\tra...', Array, true)
#5 C:\wamp\www\yii\framework\web\CController.php(870): CBaseController->renderFile('C:\wamp\www\tra...', Array, true)
#6 C:\wamp\www\trackstar\protected\views\issue\create.php(18): CController->renderPartial('_form', Array)
#7 C:\wamp\www\yii\framework\web\CBaseController.php(127): require('C:\wamp\www\tra...')
#8 C:\wamp\www\yii\framework\web\CBaseController.php(96): CBaseController->renderInternal('C:\wamp\www\tra...', Array, true)
#9 C:\wamp\www\yii\framework\web\CController.php(870): CBaseController->renderFile('C:\wamp\www\tra...', Array, true)
#10 C:\wamp\www\yii\framework\web\CController.php(783): CController->renderPartial('create', Array, true)
#11 C:\wamp\www\trackstar\protected\controllers\IssueController.php(88): CController->render('create', Array)
#12 C:\wamp\www\yii\framework\web\actions\CInlineAction.php(50): IssueController->actionCreate()
#13 C:\wamp\www\yii\framework\web\CController.php(309): CInlineAction->runWithParams(Array)
#14 C:\wamp\www\yii\framework\web\filters\CFilterChain.php(134): CController->runAction(Object(CInlineAction))
#15 C:\wamp\www\trackstar\protected\controllers\IssueController.php(198): CFilterChain->run()
#16 C:\wamp\www\yii\framework\web\filters\CInlineFilter.php(59): IssueController->filterProjectContext(Object(CFilterChain))
#17 C:\wamp\www\yii\framework\web\filters\CFilterChain.php(131): CInlineFilter->filter(Object(CFilterChain))
#18 C:\wamp\www\yii\framework\web\filters\CFilter.php(41): CFilterChain->run()
#19 C:\wamp\www\yii\framework\web\CController.php(1146): CFilter->filter(Object(CFilterChain))
#20 C:\wamp\www\yii\framework\web\filters\CInlineFilter.php(59): CController->filterAccessControl(Object(CFilterChain))
#21 C:\wamp\www\yii\framework\web\filters\CFilterChain.php(131): CInlineFilter->filter(Object(CFilterChain))
#22 C:\wamp\www\yii\framework\web\CController.php(292): CFilterChain->run()
#23 C:\wamp\www\yii\framework\web\CController.php(266): CController->runActionWithFilters(Object(CInlineAction), Array)
#24 C:\wamp\www\yii\framework\web\CWebApplication.php(283): CController->run('create')
#25 C:\wamp\www\yii\framework\web\CWebApplication.php(142): CWebApplication->runController('issue/create')
#26 C:\wamp\www\yii\framework\base\CApplication.php(162): CWebApplication->processRequest()
#27 C:\wamp\www\trackstar\index.php(13): CApplication->run()
#28 {main}
REQUEST_URI=/trackstar/index.php?r=issue/create&pid=1
HTTP_REFERER=http://127.0.0.1/trackstar/index.php?r=project/view&id=1
---
2012/12/09 01:20:37 [error] [exception.CException] exception 'CException' with message 'Property "Project.users" is not defined.' in C:\wamp\www\yii\framework\base\CComponent.php:131
Stack trace:
#0 C:\wamp\www\yii\framework\db\ar\CActiveRecord.php(144): CComponent->__get('users')
#1 C:\wamp\www\trackstar\protected\models\Project.php(110): CActiveRecord->__get('users')
#2 C:\wamp\www\trackstar\protected\views\issue\_form.php(49): Project->getUserOptions()
#3 C:\wamp\www\yii\framework\web\CBaseController.php(127): require('C:\wamp\www\tra...')
#4 C:\wamp\www\yii\framework\web\CBaseController.php(96): CBaseController->renderInternal('C:\wamp\www\tra...', Array, true)
#5 C:\wamp\www\yii\framework\web\CController.php(870): CBaseController->renderFile('C:\wamp\www\tra...', Array, true)
#6 C:\wamp\www\trackstar\protected\views\issue\create.php(18): CController->renderPartial('_form', Array)
#7 C:\wamp\www\yii\framework\web\CBaseController.php(127): require('C:\wamp\www\tra...')
#8 C:\wamp\www\yii\framework\web\CBaseController.php(96): CBaseController->renderInternal('C:\wamp\www\tra...', Array, true)
#9 C:\wamp\www\yii\framework\web\CController.php(870): CBaseController->renderFile('C:\wamp\www\tra...', Array, true)
#10 C:\wamp\www\yii\framework\web\CController.php(783): CController->renderPartial('create', Array, true)
#11 C:\wamp\www\trackstar\protected\controllers\IssueController.php(88): CController->render('create', Array)
#12 C:\wamp\www\yii\framework\web\actions\CInlineAction.php(50): IssueController->actionCreate()
#13 C:\wamp\www\yii\framework\web\CController.php(309): CInlineAction->runWithParams(Array)
#14 C:\wamp\www\yii\framework\web\filters\CFilterChain.php(134): CController->runAction(Object(CInlineAction))
#15 C:\wamp\www\trackstar\protected\controllers\IssueController.php(198): CFilterChain->run()
#16 C:\wamp\www\yii\framework\web\filters\CInlineFilter.php(59): IssueController->filterProjectContext(Object(CFilterChain))
#17 C:\wamp\www\yii\framework\web\filters\CFilterChain.php(131): CInlineFilter->filter(Object(CFilterChain))
#18 C:\wamp\www\yii\framework\web\filters\CFilter.php(41): CFilterChain->run()
#19 C:\wamp\www\yii\framework\web\CController.php(1146): CFilter->filter(Object(CFilterChain))
#20 C:\wamp\www\yii\framework\web\filters\CInlineFilter.php(59): CController->filterAccessControl(Object(CFilterChain))
#21 C:\wamp\www\yii\framework\web\filters\CFilterChain.php(131): CInlineFilter->filter(Object(CFilterChain))
#22 C:\wamp\www\yii\framework\web\CController.php(292): CFilterChain->run()
#23 C:\wamp\www\yii\framework\web\CController.php(266): CController->runActionWithFilters(Object(CInlineAction), Array)
#24 C:\wamp\www\yii\framework\web\CWebApplication.php(283): CController->run('create')
#25 C:\wamp\www\yii\framework\web\CWebApplication.php(142): CWebApplication->runController('issue/create')
#26 C:\wamp\www\yii\framework\base\CApplication.php(162): CWebApplication->processRequest()
#27 C:\wamp\www\trackstar\index.php(13): CApplication->run()
#28 {main}
REQUEST_URI=/trackstar/index.php?r=issue/create&pid=1
HTTP_REFERER=http://127.0.0.1/trackstar/index.php?r=project/view&id=1
---
2012/12/09 01:20:46 [error] [exception.CException] exception 'CException' with message 'Property "Project.users" is not defined.' in C:\wamp\www\yii\framework\base\CComponent.php:131
Stack trace:
#0 C:\wamp\www\yii\framework\db\ar\CActiveRecord.php(144): CComponent->__get('users')
#1 C:\wamp\www\trackstar\protected\models\Project.php(110): CActiveRecord->__get('users')
#2 C:\wamp\www\trackstar\protected\views\issue\_form.php(49): Project->getUserOptions()
#3 C:\wamp\www\yii\framework\web\CBaseController.php(127): require('C:\wamp\www\tra...')
#4 C:\wamp\www\yii\framework\web\CBaseController.php(96): CBaseController->renderInternal('C:\wamp\www\tra...', Array, true)
#5 C:\wamp\www\yii\framework\web\CController.php(870): CBaseController->renderFile('C:\wamp\www\tra...', Array, true)
#6 C:\wamp\www\trackstar\protected\views\issue\create.php(18): CController->renderPartial('_form', Array)
#7 C:\wamp\www\yii\framework\web\CBaseController.php(127): require('C:\wamp\www\tra...')
#8 C:\wamp\www\yii\framework\web\CBaseController.php(96): CBaseController->renderInternal('C:\wamp\www\tra...', Array, true)
#9 C:\wamp\www\yii\framework\web\CController.php(870): CBaseController->renderFile('C:\wamp\www\tra...', Array, true)
#10 C:\wamp\www\yii\framework\web\CController.php(783): CController->renderPartial('create', Array, true)
#11 C:\wamp\www\trackstar\protected\controllers\IssueController.php(88): CController->render('create', Array)
#12 C:\wamp\www\yii\framework\web\actions\CInlineAction.php(50): IssueController->actionCreate()
#13 C:\wamp\www\yii\framework\web\CController.php(309): CInlineAction->runWithParams(Array)
#14 C:\wamp\www\yii\framework\web\filters\CFilterChain.php(134): CController->runAction(Object(CInlineAction))
#15 C:\wamp\www\trackstar\protected\controllers\IssueController.php(198): CFilterChain->run()
#16 C:\wamp\www\yii\framework\web\filters\CInlineFilter.php(59): IssueController->filterProjectContext(Object(CFilterChain))
#17 C:\wamp\www\yii\framework\web\filters\CFilterChain.php(131): CInlineFilter->filter(Object(CFilterChain))
#18 C:\wamp\www\yii\framework\web\filters\CFilter.php(41): CFilterChain->run()
#19 C:\wamp\www\yii\framework\web\CController.php(1146): CFilter->filter(Object(CFilterChain))
#20 C:\wamp\www\yii\framework\web\filters\CInlineFilter.php(59): CController->filterAccessControl(Object(CFilterChain))
#21 C:\wamp\www\yii\framework\web\filters\CFilterChain.php(131): CInlineFilter->filter(Object(CFilterChain))
#22 C:\wamp\www\yii\framework\web\CController.php(292): CFilterChain->run()
#23 C:\wamp\www\yii\framework\web\CController.php(266): CController->runActionWithFilters(Object(CInlineAction), Array)
#24 C:\wamp\www\yii\framework\web\CWebApplication.php(283): CController->run('create')
#25 C:\wamp\www\yii\framework\web\CWebApplication.php(142): CWebApplication->runController('issue/create')
#26 C:\wamp\www\yii\framework\base\CApplication.php(162): CWebApplication->processRequest()
#27 C:\wamp\www\trackstar\index.php(13): CApplication->run()
#28 {main}
REQUEST_URI=/trackstar/index.php?r=issue/create&pid=1
HTTP_REFERER=http://127.0.0.1/trackstar/index.php?r=project/view&id=1
---
2012/12/09 02:45:00 [error] [php] Missing argument 1 for ProjectController::loadModel(), called in C:\wamp\www\trackstar\protected\controllers\ProjectController.php on line 56 and defined (C:\wamp\www\trackstar\protected\controllers\ProjectController.php:160)
Stack trace:
#0 C:\wamp\www\yii\framework\web\CController.php(309): CInlineAction->runWithParams()
#1 C:\wamp\www\yii\framework\web\filters\CFilterChain.php(134): ProjectController->runAction()
#2 C:\wamp\www\yii\framework\web\filters\CFilter.php(41): CFilterChain->run()
#3 C:\wamp\www\yii\framework\web\CController.php(1146): CAccessControlFilter->filter()
#4 C:\wamp\www\yii\framework\web\filters\CInlineFilter.php(59): ProjectController->filterAccessControl()
#5 C:\wamp\www\yii\framework\web\filters\CFilterChain.php(131): CInlineFilter->filter()
#6 C:\wamp\www\yii\framework\web\CController.php(292): CFilterChain->run()
#7 C:\wamp\www\yii\framework\web\CController.php(266): ProjectController->runActionWithFilters()
#8 C:\wamp\www\yii\framework\web\CWebApplication.php(283): ProjectController->run()
#9 C:\wamp\www\yii\framework\web\CWebApplication.php(142): CWebApplication->runController()
#10 C:\wamp\www\yii\framework\base\CApplication.php(162): CWebApplication->processRequest()
#11 C:\wamp\www\trackstar\index.php(13): CWebApplication->run()
REQUEST_URI=/trackstar/index.php?r=project/view&id=1
in C:\wamp\www\trackstar\protected\controllers\ProjectController.php (160)
in C:\wamp\www\trackstar\protected\controllers\ProjectController.php (56)
in C:\wamp\www\trackstar\index.php (13)
2012/12/09 02:45:03 [error] [php] Missing argument 1 for ProjectController::loadModel(), called in C:\wamp\www\trackstar\protected\controllers\ProjectController.php on line 56 and defined (C:\wamp\www\trackstar\protected\controllers\ProjectController.php:160)
Stack trace:
#0 C:\wamp\www\yii\framework\web\CController.php(309): CInlineAction->runWithParams()
#1 C:\wamp\www\yii\framework\web\filters\CFilterChain.php(134): ProjectController->runAction()
#2 C:\wamp\www\yii\framework\web\filters\CFilter.php(41): CFilterChain->run()
#3 C:\wamp\www\yii\framework\web\CController.php(1146): CAccessControlFilter->filter()
#4 C:\wamp\www\yii\framework\web\filters\CInlineFilter.php(59): ProjectController->filterAccessControl()
#5 C:\wamp\www\yii\framework\web\filters\CFilterChain.php(131): CInlineFilter->filter()
#6 C:\wamp\www\yii\framework\web\CController.php(292): CFilterChain->run()
#7 C:\wamp\www\yii\framework\web\CController.php(266): ProjectController->runActionWithFilters()
#8 C:\wamp\www\yii\framework\web\CWebApplication.php(283): ProjectController->run()
#9 C:\wamp\www\yii\framework\web\CWebApplication.php(142): CWebApplication->runController()
#10 C:\wamp\www\yii\framework\base\CApplication.php(162): CWebApplication->processRequest()
#11 C:\wamp\www\trackstar\index.php(13): CWebApplication->run()
REQUEST_URI=/trackstar/index.php?r=project/view&id=1
in C:\wamp\www\trackstar\protected\controllers\ProjectController.php (160)
in C:\wamp\www\trackstar\protected\controllers\ProjectController.php (56)
in C:\wamp\www\trackstar\index.php (13)
2012/12/09 02:46:34 [error] [exception.CException] exception 'CException' with message 'Property "ProjectController._model" is not defined.' in C:\wamp\www\yii\framework\base\CComponent.php:131
Stack trace:
#0 C:\wamp\www\trackstar\protected\controllers\ProjectController.php(162): CComponent->__get('_model')
#1 C:\wamp\www\trackstar\protected\controllers\ProjectController.php(56): ProjectController->loadModel()
#2 C:\wamp\www\yii\framework\web\actions\CInlineAction.php(50): ProjectController->actionView()
#3 C:\wamp\www\yii\framework\web\CController.php(309): CInlineAction->runWithParams(Array)
#4 C:\wamp\www\yii\framework\web\filters\CFilterChain.php(134): CController->runAction(Object(CInlineAction))
#5 C:\wamp\www\yii\framework\web\filters\CFilter.php(41): CFilterChain->run()
#6 C:\wamp\www\yii\framework\web\CController.php(1146): CFilter->filter(Object(CFilterChain))
#7 C:\wamp\www\yii\framework\web\filters\CInlineFilter.php(59): CController->filterAccessControl(Object(CFilterChain))
#8 C:\wamp\www\yii\framework\web\filters\CFilterChain.php(131): CInlineFilter->filter(Object(CFilterChain))
#9 C:\wamp\www\yii\framework\web\CController.php(292): CFilterChain->run()
#10 C:\wamp\www\yii\framework\web\CController.php(266): CController->runActionWithFilters(Object(CInlineAction), Array)
#11 C:\wamp\www\yii\framework\web\CWebApplication.php(283): CController->run('view')
#12 C:\wamp\www\yii\framework\web\CWebApplication.php(142): CWebApplication->runController('project/view')
#13 C:\wamp\www\yii\framework\base\CApplication.php(162): CWebApplication->processRequest()
#14 C:\wamp\www\trackstar\index.php(13): CApplication->run()
#15 {main}
REQUEST_URI=/trackstar/index.php?r=project/view&id=1
HTTP_REFERER=http://127.0.0.1/trackstar/index.php?r=project
---
2012/12/09 03:37:42 [error] [exception.CHttpException.404] exception 'CHttpException' with message 'The requested project does not exist.' in C:\wamp\www\trackstar\protected\controllers\IssueController.php:225
Stack trace:
#0 C:\wamp\www\trackstar\protected\controllers\IssueController.php(206): IssueController->loadProject(NULL)
#1 C:\wamp\www\yii\framework\web\filters\CInlineFilter.php(59): IssueController->filterProjectContext(Object(CFilterChain))
#2 C:\wamp\www\yii\framework\web\filters\CFilterChain.php(131): CInlineFilter->filter(Object(CFilterChain))
#3 C:\wamp\www\yii\framework\web\filters\CFilter.php(41): CFilterChain->run()
#4 C:\wamp\www\yii\framework\web\CController.php(1146): CFilter->filter(Object(CFilterChain))
#5 C:\wamp\www\yii\framework\web\filters\CInlineFilter.php(59): CController->filterAccessControl(Object(CFilterChain))
#6 C:\wamp\www\yii\framework\web\filters\CFilterChain.php(131): CInlineFilter->filter(Object(CFilterChain))
#7 C:\wamp\www\yii\framework\web\CController.php(292): CFilterChain->run()
#8 C:\wamp\www\yii\framework\web\CController.php(266): CController->runActionWithFilters(Object(CInlineAction), Array)
#9 C:\wamp\www\yii\framework\web\CWebApplication.php(283): CController->run('index')
#10 C:\wamp\www\yii\framework\web\CWebApplication.php(142): CWebApplication->runController('issue/index')
#11 C:\wamp\www\yii\framework\base\CApplication.php(162): CWebApplication->processRequest()
#12 C:\wamp\www\trackstar\index.php(13): CApplication->run()
#13 {main}
REQUEST_URI=/trackstar/index.php?r=issue/index
HTTP_REFERER=http://127.0.0.1/trackstar/index.php?r=issue/admin&pid=1
---
2012/12/09 03:37:48 [error] [exception.CHttpException.404] exception 'CHttpException' with message 'The requested project does not exist.' in C:\wamp\www\trackstar\protected\controllers\IssueController.php:225
Stack trace:
#0 C:\wamp\www\trackstar\protected\controllers\IssueController.php(206): IssueController->loadProject(NULL)
#1 C:\wamp\www\yii\framework\web\filters\CInlineFilter.php(59): IssueController->filterProjectContext(Object(CFilterChain))
#2 C:\wamp\www\yii\framework\web\filters\CFilterChain.php(131): CInlineFilter->filter(Object(CFilterChain))
#3 C:\wamp\www\yii\framework\web\filters\CFilter.php(41): CFilterChain->run()
#4 C:\wamp\www\yii\framework\web\CController.php(1146): CFilter->filter(Object(CFilterChain))
#5 C:\wamp\www\yii\framework\web\filters\CInlineFilter.php(59): CController->filterAccessControl(Object(CFilterChain))
#6 C:\wamp\www\yii\framework\web\filters\CFilterChain.php(131): CInlineFilter->filter(Object(CFilterChain))
#7 C:\wamp\www\yii\framework\web\CController.php(292): CFilterChain->run()
#8 C:\wamp\www\yii\framework\web\CController.php(266): CController->runActionWithFilters(Object(CInlineAction), Array)
#9 C:\wamp\www\yii\framework\web\CWebApplication.php(283): CController->run('index')
#10 C:\wamp\www\yii\framework\web\CWebApplication.php(142): CWebApplication->runController('issue/index')
#11 C:\wamp\www\yii\framework\base\CApplication.php(162): CWebApplication->processRequest()
#12 C:\wamp\www\trackstar\index.php(13): CApplication->run()
#13 {main}
REQUEST_URI=/trackstar/index.php?r=issue/index
HTTP_REFERER=http://127.0.0.1/trackstar/index.php?r=issue/admin&pid=1
---
2012/12/09 03:38:00 [error] [exception.CHttpException.404] exception 'CHttpException' with message 'The requested project does not exist.' in C:\wamp\www\trackstar\protected\controllers\IssueController.php:225
Stack trace:
#0 C:\wamp\www\trackstar\protected\controllers\IssueController.php(206): IssueController->loadProject(NULL)
#1 C:\wamp\www\yii\framework\web\filters\CInlineFilter.php(59): IssueController->filterProjectContext(Object(CFilterChain))
#2 C:\wamp\www\yii\framework\web\filters\CFilterChain.php(131): CInlineFilter->filter(Object(CFilterChain))
#3 C:\wamp\www\yii\framework\web\filters\CFilter.php(41): CFilterChain->run()
#4 C:\wamp\www\yii\framework\web\CController.php(1146): CFilter->filter(Object(CFilterChain))
#5 C:\wamp\www\yii\framework\web\filters\CInlineFilter.php(59): CController->filterAccessControl(Object(CFilterChain))
#6 C:\wamp\www\yii\framework\web\filters\CFilterChain.php(131): CInlineFilter->filter(Object(CFilterChain))
#7 C:\wamp\www\yii\framework\web\CController.php(292): CFilterChain->run()
#8 C:\wamp\www\yii\framework\web\CController.php(266): CController->runActionWithFilters(Object(CInlineAction), Array)
#9 C:\wamp\www\yii\framework\web\CWebApplication.php(283): CController->run('create')
#10 C:\wamp\www\yii\framework\web\CWebApplication.php(142): CWebApplication->runController('issue/create')
#11 C:\wamp\www\yii\framework\base\CApplication.php(162): CWebApplication->processRequest()
#12 C:\wamp\www\trackstar\index.php(13): CApplication->run()
#13 {main}
REQUEST_URI=/trackstar/index.php?r=issue/create
HTTP_REFERER=http://127.0.0.1/trackstar/index.php?r=issue/admin&pid=1
---
